c:\users\qiugege\desktop\c++\template\类模板\类模板\debug\vc142.pdb
c:\users\qiugege\desktop\c++\template\类模板\类模板\debug\vc142.idb
c:\users\qiugege\desktop\c++\template\类模板\类模板\debug\04 类模板的继承.obj
c:\users\qiugege\desktop\c++\template\类模板\类模板\debug\05 类模板成员函数类外实现.obj
c:\users\qiugege\desktop\c++\template\类模板\类模板\debug\02 类模板成员函数的创建.obj
c:\users\qiugege\desktop\c++\template\类模板\类模板\debug\03 类模板对象作函数参数.obj
c:\users\qiugege\desktop\c++\template\类模板\类模板\debug\01 类模板和函数模板区别.obj
c:\users\qiugege\desktop\c++\template\类模板\类模板\debug\06 案例-数组类封装.obj
c:\users\qiugege\desktop\c++\template\类模板\debug\类模板.exe
c:\users\qiugege\desktop\c++\template\类模板\debug\类模板.ilk
c:\users\qiugege\desktop\c++\template\类模板\debug\类模板.pdb
c:\users\qiugege\desktop\c++\template\类模板\类模板\debug\源.obj
c:\users\qiugege\desktop\c++\template\类模板\类模板\debug\类模板和函数模板区别.obj
c:\users\qiugege\desktop\c++\template\类模板\类模板\debug\类模板对象作函数参数.obj
c:\users\qiugege\desktop\c++\template\类模板\类模板\debug\类模板成员函数的创建.obj
c:\users\qiugege\desktop\c++\template\类模板\类模板\debug\类模板成员函数类外实现.obj
c:\users\qiugege\desktop\c++\template\类模板\类模板\debug\类模板的继承.obj
c:\users\qiugege\desktop\c++\template\类模板\类模板\debug\类模板.tlog\cl.command.1.tlog
c:\users\qiugege\desktop\c++\template\类模板\类模板\debug\类模板.tlog\cl.read.1.tlog
c:\users\qiugege\desktop\c++\template\类模板\类模板\debug\类模板.tlog\cl.write.1.tlog
c:\users\qiugege\desktop\c++\template\类模板\类模板\debug\类模板.tlog\link.command.1.tlog
c:\users\qiugege\desktop\c++\template\类模板\类模板\debug\类模板.tlog\link.read.1.tlog
c:\users\qiugege\desktop\c++\template\类模板\类模板\debug\类模板.tlog\link.write.1.tlog
